<?xml version="1.0" encoding="UTF-8"?>
<testng-results ignored="0" total="2" passed="2" failed="0" skipped="0">
  <reporter-output>
  </reporter-output>
  <suite started-at="2023-03-09T16:18:10 EET" name="WPT" finished-at="2023-03-09T16:18:41 EET" duration-ms="31011">
    <groups>
      <group name="smoke">
        <method signature="Login.case_1(java.lang.String)[pri:0, instance:Main.Login@7d8704ef]" name="case_1" class="Main.Login"/>
        <method signature="Test_1.test1(java.lang.String)[pri:0, instance:Tests.Test_1@117e949d]" name="test1" class="Tests.Test_1"/>
      </group> <!-- smoke -->
    </groups>
    <test started-at="2023-03-09T16:18:10 EET" name="Dex-Trade Regression" finished-at="2023-03-09T16:18:41 EET" duration-ms="31011">
      <class name="Tests.Test_1">
        <test-method signature="test1(java.lang.String)[pri:0, instance:Tests.Test_1@117e949d]" started-at="2023-03-09T16:18:24 EET" name="test1" finished-at="2023-03-09T16:18:41 EET" duration-ms="17285" status="PASS">
          <params>
            <param index="0">
              <value>
                <![CDATA[https://rozetka.com.ua]]>
              </value>
            </param>
          </params>
          <reporter-output>
          </reporter-output>
        </test-method> <!-- test1 -->
      </class> <!-- Tests.Test_1 -->
      <class name="Main.Login">
        <test-method is-config="true" signature="setUp(java.lang.String)[pri:0, instance:Main.Login@7d8704ef]" started-at="2023-03-09T16:18:10 EET" name="setUp" finished-at="2023-03-09T16:18:19 EET" duration-ms="8607" status="PASS">
          <params>
            <param index="0">
              <value>
                <![CDATA[Firefox]]>
              </value>
            </param>
          </params>
          <reporter-output>
          </reporter-output>
        </test-method> <!-- setUp -->
        <test-method signature="case_1(java.lang.String)[pri:0, instance:Main.Login@7d8704ef]" started-at="2023-03-09T16:18:19 EET" name="case_1" finished-at="2023-03-09T16:18:24 EET" duration-ms="5040" status="PASS">
          <params>
            <param index="0">
              <value>
                <![CDATA[https://rozetka.com.ua]]>
              </value>
            </param>
          </params>
          <reporter-output>
          </reporter-output>
        </test-method> <!-- case_1 -->
      </class> <!-- Main.Login -->
    </test> <!-- Dex-Trade Regression -->
  </suite> <!-- WPT -->
</testng-results>
